Analysis & Synthesis report for VHDL_CAM
Wed Nov 27 22:33:05 2019
Quartus Prime Version 18.1.0 Build 625 09/12/2018 SJ Lite Edition


---------------------
; Table of Contents ;
---------------------
  1. Legal Notice
  2. Analysis & Synthesis Summary
  3. Analysis & Synthesis Settings
  4. Parallel Compilation
  5. Analysis & Synthesis Source Files Read
  6. Analysis & Synthesis Resource Usage Summary
  7. Analysis & Synthesis Resource Utilization by Entity
  8. Analysis & Synthesis RAM Summary
  9. Analysis & Synthesis IP Cores Summary
 10. Registers Removed During Synthesis
 11. General Register Statistics
 12. Inverted Register Statistics
 13. Multiplexer Restructuring Statistics (Restructuring Performed)
 14. Source assignments for RAM_CAM:inst_ram|altsyncram:altsyncram_component|altsyncram_u3o3:auto_generated
 15. Parameter Settings for User Entity Instance: RAM_CAM:inst_ram|altsyncram:altsyncram_component
 16. altsyncram Parameter Settings by Entity Instance
 17. Port Connectivity Checks: "ov7670_controller:controller|i2c_sender:Inst_i2c_sender"
 18. Post-Synthesis Netlist Statistics for Top Partition
 19. Elapsed Time Per Partition
 20. Analysis & Synthesis Messages



----------------
; Legal Notice ;
----------------
Copyright (C) 2018  Intel Corporation. All rights reserved.
Your use of Intel Corporation's design tools, logic functions 
and other software and tools, and its AMPP partner logic 
functions, and any output files from any of the foregoing 
(including device programming or simulation files), and any 
associated documentation or information are expressly subject 
to the terms and conditions of the Intel Program License 
Subscription Agreement, the Intel Quartus Prime License Agreement,
the Intel FPGA IP License Agreement, or other applicable license
agreement, including, without limitation, that your use is for
the sole purpose of programming logic devices manufactured by
Intel and sold by Intel or its authorized distributors.  Please
refer to the applicable agreement for further details.



+----------------------------------------------------------------------------------+
; Analysis & Synthesis Summary                                                     ;
+------------------------------------+---------------------------------------------+
; Analysis & Synthesis Status        ; Successful - Wed Nov 27 22:33:05 2019       ;
; Quartus Prime Version              ; 18.1.0 Build 625 09/12/2018 SJ Lite Edition ;
; Revision Name                      ; VHDL_CAM                                    ;
; Top-level Entity Name              ; VHDL_CAM                                    ;
; Family                             ; MAX 10                                      ;
; Total logic elements               ; 411                                         ;
;     Total combinational functions  ; 377                                         ;
;     Dedicated logic registers      ; 214                                         ;
; Total registers                    ; 214                                         ;
; Total pins                         ; 36                                          ;
; Total virtual pins                 ; 0                                           ;
; Total memory bits                  ; 262,144                                     ;
; Embedded Multiplier 9-bit elements ; 0                                           ;
; Total PLLs                         ; 0                                           ;
; UFM blocks                         ; 0                                           ;
; ADC blocks                         ; 0                                           ;
+------------------------------------+---------------------------------------------+


+------------------------------------------------------------------------------------------------------------+
; Analysis & Synthesis Settings                                                                              ;
+------------------------------------------------------------------+--------------------+--------------------+
; Option                                                           ; Setting            ; Default Value      ;
+------------------------------------------------------------------+--------------------+--------------------+
; Device                                                           ; 10M50DAF484C7G     ;                    ;
; Top-level entity name                                            ; VHDL_CAM           ; VHDL_CAM           ;
; Family name                                                      ; MAX 10             ; Cyclone V          ;
; Use smart compilation                                            ; Off                ; Off                ;
; Enable parallel Assembler and Timing Analyzer during compilation ; On                 ; On                 ;
; Enable compact report table                                      ; Off                ; Off                ;
; Restructure Multiplexers                                         ; Auto               ; Auto               ;
; Create Debugging Nodes for IP Cores                              ; Off                ; Off                ;
; Preserve fewer node names                                        ; On                 ; On                 ;
; Intel FPGA IP Evaluation Mode                                    ; Enable             ; Enable             ;
; Verilog Version                                                  ; Verilog_2001       ; Verilog_2001       ;
; VHDL Version                                                     ; VHDL_1993          ; VHDL_1993          ;
; State Machine Processing                                         ; Auto               ; Auto               ;
; Safe State Machine                                               ; Off                ; Off                ;
; Extract Verilog State Machines                                   ; On                 ; On                 ;
; Extract VHDL State Machines                                      ; On                 ; On                 ;
; Ignore Verilog initial constructs                                ; Off                ; Off                ;
; Iteration limit for constant Verilog loops                       ; 5000               ; 5000               ;
; Iteration limit for non-constant Verilog loops                   ; 250                ; 250                ;
; Add Pass-Through Logic to Inferred RAMs                          ; On                 ; On                 ;
; Infer RAMs from Raw Logic                                        ; On                 ; On                 ;
; Parallel Synthesis                                               ; On                 ; On                 ;
; DSP Block Balancing                                              ; Auto               ; Auto               ;
; NOT Gate Push-Back                                               ; On                 ; On                 ;
; Power-Up Don't Care                                              ; On                 ; On                 ;
; Remove Redundant Logic Cells                                     ; Off                ; Off                ;
; Remove Duplicate Registers                                       ; On                 ; On                 ;
; Ignore CARRY Buffers                                             ; Off                ; Off                ;
; Ignore CASCADE Buffers                                           ; Off                ; Off                ;
; Ignore GLOBAL Buffers                                            ; Off                ; Off                ;
; Ignore ROW GLOBAL Buffers                                        ; Off                ; Off                ;
; Ignore LCELL Buffers                                             ; Off                ; Off                ;
; Ignore SOFT Buffers                                              ; On                 ; On                 ;
; Limit AHDL Integers to 32 Bits                                   ; Off                ; Off                ;
; Optimization Technique                                           ; Balanced           ; Balanced           ;
; Carry Chain Length                                               ; 70                 ; 70                 ;
; Auto Carry Chains                                                ; On                 ; On                 ;
; Auto Open-Drain Pins                                             ; On                 ; On                 ;
; Perform WYSIWYG Primitive Resynthesis                            ; Off                ; Off                ;
; Auto ROM Replacement                                             ; On                 ; On                 ;
; Auto RAM Replacement                                             ; On                 ; On                 ;
; Auto DSP Block Replacement                                       ; On                 ; On                 ;
; Auto Shift Register Replacement                                  ; Auto               ; Auto               ;
; Allow Shift Register Merging across Hierarchies                  ; Auto               ; Auto               ;
; Auto Clock Enable Replacement                                    ; On                 ; On                 ;
; Strict RAM Replacement                                           ; Off                ; Off                ;
; Allow Synchronous Control Signals                                ; On                 ; On                 ;
; Force Use of Synchronous Clear Signals                           ; Off                ; Off                ;
; Auto RAM Block Balancing                                         ; On                 ; On                 ;
; Auto RAM to Logic Cell Conversion                                ; Off                ; Off                ;
; Auto Resource Sharing                                            ; Off                ; Off                ;
; Allow Any RAM Size For Recognition                               ; Off                ; Off                ;
; Allow Any ROM Size For Recognition                               ; Off                ; Off                ;
; Allow Any Shift Register Size For Recognition                    ; Off                ; Off                ;
; Use LogicLock Constraints during Resource Balancing              ; On                 ; On                 ;
; Ignore translate_off and synthesis_off directives                ; Off                ; Off                ;
; Timing-Driven Synthesis                                          ; On                 ; On                 ;
; Report Parameter Settings                                        ; On                 ; On                 ;
; Report Source Assignments                                        ; On                 ; On                 ;
; Report Connectivity Checks                                       ; On                 ; On                 ;
; Ignore Maximum Fan-Out Assignments                               ; Off                ; Off                ;
; Synchronization Register Chain Length                            ; 2                  ; 2                  ;
; Power Optimization During Synthesis                              ; Normal compilation ; Normal compilation ;
; HDL message level                                                ; Level2             ; Level2             ;
; Suppress Register Optimization Related Messages                  ; Off                ; Off                ;
; Number of Removed Registers Reported in Synthesis Report         ; 5000               ; 5000               ;
; Number of Swept Nodes Reported in Synthesis Report               ; 5000               ; 5000               ;
; Number of Inverted Registers Reported in Synthesis Report        ; 100                ; 100                ;
; Clock MUX Protection                                             ; On                 ; On                 ;
; Auto Gated Clock Conversion                                      ; Off                ; Off                ;
; Block Design Naming                                              ; Auto               ; Auto               ;
; SDC constraint protection                                        ; Off                ; Off                ;
; Synthesis Effort                                                 ; Auto               ; Auto               ;
; Shift Register Replacement - Allow Asynchronous Clear Signal     ; On                 ; On                 ;
; Pre-Mapping Resynthesis Optimization                             ; Off                ; Off                ;
; Analysis & Synthesis Message Level                               ; Medium             ; Medium             ;
; Disable Register Merging Across Hierarchies                      ; Auto               ; Auto               ;
; Resource Aware Inference For Block RAM                           ; On                 ; On                 ;
+------------------------------------------------------------------+--------------------+--------------------+


+------------------------------------------+
; Parallel Compilation                     ;
+----------------------------+-------------+
; Processors                 ; Number      ;
+----------------------------+-------------+
; Number detected on machine ; 4           ;
; Maximum allowed            ; 4           ;
;                            ;             ;
; Average used               ; 1.00        ;
; Maximum used               ; 4           ;
;                            ;             ;
; Usage by Processor         ; % Time Used ;
;     Processor 1            ; 100.0%      ;
;     Processors 2-4         ;   0.0%      ;
+----------------------------+-------------+


+----------------------------------------------------------------------------------------------------------------------------------------------------------------------------+
; Analysis & Synthesis Source Files Read                                                                                                                                     ;
+----------------------------------+-----------------+------------------------------+------------------------------------------------------------------------------+---------+
; File Name with User-Entered Path ; Used in Netlist ; File Type                    ; File Name with Absolute Path                                                 ; Library ;
+----------------------------------+-----------------+------------------------------+------------------------------------------------------------------------------+---------+
; RAM_CAM.vhd                      ; yes             ; User Wizard-Generated File   ; Z:/Istanolion/Documents/GitHub/VLSI/VLSI_7/RAM_CAM.vhd                       ;         ;
; VHDL_CAM.vhd                     ; yes             ; User VHDL File               ; Z:/Istanolion/Documents/GitHub/VLSI/VLSI_7/VHDL_CAM.vhd                      ;         ;
; debounce.vhd                     ; yes             ; User VHDL File               ; Z:/Istanolion/Documents/GitHub/VLSI/VLSI_7/debounce.vhd                      ;         ;
; ov7670_capture.vhd               ; yes             ; User VHDL File               ; Z:/Istanolion/Documents/GitHub/VLSI/VLSI_7/ov7670_capture.vhd                ;         ;
; ov7670_controller.vhd            ; yes             ; User VHDL File               ; Z:/Istanolion/Documents/GitHub/VLSI/VLSI_7/ov7670_controller.vhd             ;         ;
; i2c_sender.vhd                   ; yes             ; User VHDL File               ; Z:/Istanolion/Documents/GitHub/VLSI/VLSI_7/i2c_sender.vhd                    ;         ;
; vga.vhd                          ; yes             ; User VHDL File               ; Z:/Istanolion/Documents/GitHub/VLSI/VLSI_7/vga.vhd                           ;         ;
; ov7670_registers.vhd             ; yes             ; User VHDL File               ; Z:/Istanolion/Documents/GitHub/VLSI/VLSI_7/ov7670_registers.vhd              ;         ;
; altsyncram.tdf                   ; yes             ; Megafunction                 ; z:/intelfpga_lite/18.1/quartus/libraries/megafunctions/altsyncram.tdf        ;         ;
; stratix_ram_block.inc            ; yes             ; Megafunction                 ; z:/intelfpga_lite/18.1/quartus/libraries/megafunctions/stratix_ram_block.inc ;         ;
; lpm_mux.inc                      ; yes             ; Megafunction                 ; z:/intelfpga_lite/18.1/quartus/libraries/megafunctions/lpm_mux.inc           ;         ;
; lpm_decode.inc                   ; yes             ; Megafunction                 ; z:/intelfpga_lite/18.1/quartus/libraries/megafunctions/lpm_decode.inc        ;         ;
; aglobal181.inc                   ; yes             ; Megafunction                 ; z:/intelfpga_lite/18.1/quartus/libraries/megafunctions/aglobal181.inc        ;         ;
; a_rdenreg.inc                    ; yes             ; Megafunction                 ; z:/intelfpga_lite/18.1/quartus/libraries/megafunctions/a_rdenreg.inc         ;         ;
; altrom.inc                       ; yes             ; Megafunction                 ; z:/intelfpga_lite/18.1/quartus/libraries/megafunctions/altrom.inc            ;         ;
; altram.inc                       ; yes             ; Megafunction                 ; z:/intelfpga_lite/18.1/quartus/libraries/megafunctions/altram.inc            ;         ;
; altdpram.inc                     ; yes             ; Megafunction                 ; z:/intelfpga_lite/18.1/quartus/libraries/megafunctions/altdpram.inc          ;         ;
; db/altsyncram_u3o3.tdf           ; yes             ; Auto-Generated Megafunction  ; Z:/Istanolion/Documents/GitHub/VLSI/VLSI_7/db/altsyncram_u3o3.tdf            ;         ;
; db/decode_c7a.tdf                ; yes             ; Auto-Generated Megafunction  ; Z:/Istanolion/Documents/GitHub/VLSI/VLSI_7/db/decode_c7a.tdf                 ;         ;
; db/decode_5j9.tdf                ; yes             ; Auto-Generated Megafunction  ; Z:/Istanolion/Documents/GitHub/VLSI/VLSI_7/db/decode_5j9.tdf                 ;         ;
; db/mux_s1b.tdf                   ; yes             ; Auto-Generated Megafunction  ; Z:/Istanolion/Documents/GitHub/VLSI/VLSI_7/db/mux_s1b.tdf                    ;         ;
+----------------------------------+-----------------+------------------------------+------------------------------------------------------------------------------+---------+


+-----------------------------------------------------------+
; Analysis & Synthesis Resource Usage Summary               ;
+---------------------------------------------+-------------+
; Resource                                    ; Usage       ;
+---------------------------------------------+-------------+
; Estimated Total logic elements              ; 411         ;
;                                             ;             ;
; Total combinational functions               ; 377         ;
; Logic element usage by number of LUT inputs ;             ;
;     -- 4 input functions                    ; 160         ;
;     -- 3 input functions                    ; 49          ;
;     -- <=2 input functions                  ; 168         ;
;                                             ;             ;
; Logic elements by mode                      ;             ;
;     -- normal mode                          ; 276         ;
;     -- arithmetic mode                      ; 101         ;
;                                             ;             ;
; Total registers                             ; 214         ;
;     -- Dedicated logic registers            ; 214         ;
;     -- I/O registers                        ; 0           ;
;                                             ;             ;
; I/O pins                                    ; 36          ;
; Total memory bits                           ; 262144      ;
;                                             ;             ;
; Embedded Multiplier 9-bit elements          ; 0           ;
;                                             ;             ;
; Maximum fan-out node                        ; clk50~input ;
; Maximum fan-out                             ; 205         ;
; Total fan-out                               ; 2791        ;
; Average fan-out                             ; 4.01        ;
+---------------------------------------------+-------------+


+-------------------------------------------------------------------------------------------------------------------------------------------------------------------------------------------------------------------------------------------------------------------------------------------------------------------------------------------------------------+
; Analysis & Synthesis Resource Utilization by Entity                                                                                                                                                                                                                                                                                                         ;
+------------------------------------------------+---------------------+---------------------------+-------------+------------+--------------+---------+-----------+------+--------------+------------+--------------------------------------------------------------------------------------------------------------------+-------------------+--------------+
; Compilation Hierarchy Node                     ; Combinational ALUTs ; Dedicated Logic Registers ; Memory Bits ; UFM Blocks ; DSP Elements ; DSP 9x9 ; DSP 18x18 ; Pins ; Virtual Pins ; ADC blocks ; Full Hierarchy Name                                                                                                ; Entity Name       ; Library Name ;
+------------------------------------------------+---------------------+---------------------------+-------------+------------+--------------+---------+-----------+------+--------------+------------+--------------------------------------------------------------------------------------------------------------------+-------------------+--------------+
; |VHDL_CAM                                      ; 377 (0)             ; 214 (0)                   ; 262144      ; 0          ; 0            ; 0       ; 0         ; 36   ; 0            ; 0          ; |VHDL_CAM                                                                                                          ; VHDL_CAM          ; work         ;
;    |RAM_CAM:inst_ram|                          ; 24 (0)              ; 4 (0)                     ; 262144      ; 0          ; 0            ; 0       ; 0         ; 0    ; 0            ; 0          ; |VHDL_CAM|RAM_CAM:inst_ram                                                                                         ; RAM_CAM           ; work         ;
;       |altsyncram:altsyncram_component|        ; 24 (0)              ; 4 (0)                     ; 262144      ; 0          ; 0            ; 0       ; 0         ; 0    ; 0            ; 0          ; |VHDL_CAM|RAM_CAM:inst_ram|altsyncram:altsyncram_component                                                         ; altsyncram        ; work         ;
;          |altsyncram_u3o3:auto_generated|      ; 24 (0)              ; 4 (4)                     ; 262144      ; 0          ; 0            ; 0       ; 0         ; 0    ; 0            ; 0          ; |VHDL_CAM|RAM_CAM:inst_ram|altsyncram:altsyncram_component|altsyncram_u3o3:auto_generated                          ; altsyncram_u3o3   ; work         ;
;             |decode_5j9:rden_decode_b|         ; 4 (4)               ; 0 (0)                     ; 0           ; 0          ; 0            ; 0       ; 0         ; 0    ; 0            ; 0          ; |VHDL_CAM|RAM_CAM:inst_ram|altsyncram:altsyncram_component|altsyncram_u3o3:auto_generated|decode_5j9:rden_decode_b ; decode_5j9        ; work         ;
;             |decode_c7a:decode2|               ; 4 (4)               ; 0 (0)                     ; 0           ; 0          ; 0            ; 0       ; 0         ; 0    ; 0            ; 0          ; |VHDL_CAM|RAM_CAM:inst_ram|altsyncram:altsyncram_component|altsyncram_u3o3:auto_generated|decode_c7a:decode2       ; decode_c7a        ; work         ;
;             |mux_s1b:mux3|                     ; 16 (16)             ; 0 (0)                     ; 0           ; 0          ; 0            ; 0       ; 0         ; 0    ; 0            ; 0          ; |VHDL_CAM|RAM_CAM:inst_ram|altsyncram:altsyncram_component|altsyncram_u3o3:auto_generated|mux_s1b:mux3             ; mux_s1b           ; work         ;
;    |debounce:btn_debounce|                     ; 32 (32)             ; 25 (25)                   ; 0           ; 0          ; 0            ; 0       ; 0         ; 0    ; 0            ; 0          ; |VHDL_CAM|debounce:btn_debounce                                                                                    ; debounce          ; work         ;
;    |ov7670_capture:capture|                    ; 27 (27)             ; 41 (41)                   ; 0           ; 0          ; 0            ; 0       ; 0         ; 0    ; 0            ; 0          ; |VHDL_CAM|ov7670_capture:capture                                                                                   ; ov7670_capture    ; work         ;
;    |ov7670_controller:controller|              ; 207 (1)             ; 96 (1)                    ; 0           ; 0          ; 0            ; 0       ; 0         ; 0    ; 0            ; 0          ; |VHDL_CAM|ov7670_controller:controller                                                                             ; ov7670_controller ; work         ;
;       |i2c_sender:Inst_i2c_sender|             ; 95 (95)             ; 71 (71)                   ; 0           ; 0          ; 0            ; 0       ; 0         ; 0    ; 0            ; 0          ; |VHDL_CAM|ov7670_controller:controller|i2c_sender:Inst_i2c_sender                                                  ; i2c_sender        ; work         ;
;       |ov7670_registers:Inst_ov7670_registers| ; 111 (111)           ; 24 (24)                   ; 0           ; 0          ; 0            ; 0       ; 0         ; 0    ; 0            ; 0          ; |VHDL_CAM|ov7670_controller:controller|ov7670_registers:Inst_ov7670_registers                                      ; ov7670_registers  ; work         ;
;    |vga:Inst_vga|                              ; 87 (87)             ; 48 (48)                   ; 0           ; 0          ; 0            ; 0       ; 0         ; 0    ; 0            ; 0          ; |VHDL_CAM|vga:Inst_vga                                                                                             ; vga               ; work         ;
+------------------------------------------------+---------------------+---------------------------+-------------+------------+--------------+---------+-----------+------+--------------+------------+--------------------------------------------------------------------------------------------------------------------+-------------------+--------------+
Note: For table entries with two numbers listed, the numbers in parentheses indicate the number of resources of the given type used by the specific entity alone. The numbers listed outside of parentheses indicate the total resources of the given type used by the specific entity and all of its sub-entities in the hierarchy.


+--------------------------------------------------------------------------------------------------------------------------------------------------------------------------------------------------+
; Analysis & Synthesis RAM Summary                                                                                                                                                                 ;
+--------------------------------------------------------------------------------------------+------+------------------+--------------+--------------+--------------+--------------+--------+------+
; Name                                                                                       ; Type ; Mode             ; Port A Depth ; Port A Width ; Port B Depth ; Port B Width ; Size   ; MIF  ;
+--------------------------------------------------------------------------------------------+------+------------------+--------------+--------------+--------------+--------------+--------+------+
; RAM_CAM:inst_ram|altsyncram:altsyncram_component|altsyncram_u3o3:auto_generated|ALTSYNCRAM ; AUTO ; Simple Dual Port ; 32768        ; 8            ; 32768        ; 8            ; 262144 ; None ;
+--------------------------------------------------------------------------------------------+------+------------------+--------------+--------------+--------------+--------------+--------+------+


+--------------------------------------------------------------------------------------------------------------+
; Analysis & Synthesis IP Cores Summary                                                                        ;
+--------+--------------+---------+--------------+--------------+----------------------------+-----------------+
; Vendor ; IP Core Name ; Version ; Release Date ; License Type ; Entity Instance            ; IP Include File ;
+--------+--------------+---------+--------------+--------------+----------------------------+-----------------+
; Altera ; RAM: 2-PORT  ; 18.1    ; N/A          ; N/A          ; |VHDL_CAM|RAM_CAM:inst_ram ; RAM_CAM.vhd     ;
+--------+--------------+---------+--------------+--------------+----------------------------+-----------------+


+-----------------------------------------------------------------------------------------------------------------------------------------------------+
; Registers Removed During Synthesis                                                                                                                  ;
+--------------------------------------------------------------------+--------------------------------------------------------------------------------+
; Register name                                                      ; Reason for Removal                                                             ;
+--------------------------------------------------------------------+--------------------------------------------------------------------------------+
; ov7670_controller:controller|i2c_sender:Inst_i2c_sender|data_sr[0] ; Stuck at VCC due to stuck port data_in                                         ;
; ov7670_controller:controller|i2c_sender:Inst_i2c_sender|data_sr[1] ; Merged with ov7670_controller:controller|i2c_sender:Inst_i2c_sender|busy_sr[0] ;
; vga:Inst_vga|hCounter[0]                                           ; Merged with ov7670_controller:controller|sys_clk                               ;
; ov7670_controller:controller|i2c_sender:Inst_i2c_sender|data_sr[2] ; Merged with ov7670_controller:controller|i2c_sender:Inst_i2c_sender|busy_sr[1] ;
; Total Number of Removed Registers = 4                              ;                                                                                ;
+--------------------------------------------------------------------+--------------------------------------------------------------------------------+


+------------------------------------------------------+
; General Register Statistics                          ;
+----------------------------------------------+-------+
; Statistic                                    ; Value ;
+----------------------------------------------+-------+
; Total registers                              ; 214   ;
; Number of registers using Synchronous Clear  ; 53    ;
; Number of registers using Synchronous Load   ; 33    ;
; Number of registers using Asynchronous Clear ; 0     ;
; Number of registers using Asynchronous Load  ; 0     ;
; Number of registers using Clock Enable       ; 103   ;
; Number of registers using Preset             ; 0     ;
+----------------------------------------------+-------+


+-------------------------------------------------------------------------------+
; Inverted Register Statistics                                                  ;
+---------------------------------------------------------------------+---------+
; Inverted Register                                                   ; Fan out ;
+---------------------------------------------------------------------+---------+
; vga:Inst_vga|blank                                                  ; 4       ;
; ov7670_controller:controller|i2c_sender:Inst_i2c_sender|divider[0]  ; 4       ;
; ov7670_controller:controller|i2c_sender:Inst_i2c_sender|data_sr[31] ; 1       ;
; ov7670_controller:controller|i2c_sender:Inst_i2c_sender|data_sr[30] ; 1       ;
; ov7670_controller:controller|i2c_sender:Inst_i2c_sender|data_sr[29] ; 1       ;
; ov7670_controller:controller|i2c_sender:Inst_i2c_sender|data_sr[28] ; 1       ;
; ov7670_controller:controller|i2c_sender:Inst_i2c_sender|data_sr[27] ; 1       ;
; ov7670_controller:controller|i2c_sender:Inst_i2c_sender|data_sr[26] ; 1       ;
; ov7670_controller:controller|i2c_sender:Inst_i2c_sender|data_sr[25] ; 1       ;
; ov7670_controller:controller|i2c_sender:Inst_i2c_sender|data_sr[24] ; 1       ;
; ov7670_controller:controller|i2c_sender:Inst_i2c_sender|data_sr[23] ; 1       ;
; ov7670_controller:controller|i2c_sender:Inst_i2c_sender|data_sr[22] ; 1       ;
; ov7670_controller:controller|i2c_sender:Inst_i2c_sender|data_sr[21] ; 1       ;
; ov7670_controller:controller|i2c_sender:Inst_i2c_sender|data_sr[20] ; 1       ;
; ov7670_controller:controller|i2c_sender:Inst_i2c_sender|data_sr[19] ; 1       ;
; ov7670_controller:controller|i2c_sender:Inst_i2c_sender|data_sr[18] ; 1       ;
; ov7670_controller:controller|i2c_sender:Inst_i2c_sender|data_sr[17] ; 1       ;
; ov7670_controller:controller|i2c_sender:Inst_i2c_sender|data_sr[16] ; 1       ;
; ov7670_controller:controller|i2c_sender:Inst_i2c_sender|data_sr[15] ; 1       ;
; ov7670_controller:controller|i2c_sender:Inst_i2c_sender|data_sr[14] ; 1       ;
; ov7670_controller:controller|i2c_sender:Inst_i2c_sender|data_sr[13] ; 1       ;
; ov7670_controller:controller|i2c_sender:Inst_i2c_sender|data_sr[12] ; 1       ;
; ov7670_controller:controller|i2c_sender:Inst_i2c_sender|data_sr[11] ; 1       ;
; ov7670_controller:controller|i2c_sender:Inst_i2c_sender|data_sr[10] ; 1       ;
; ov7670_controller:controller|i2c_sender:Inst_i2c_sender|data_sr[9]  ; 1       ;
; ov7670_controller:controller|i2c_sender:Inst_i2c_sender|data_sr[8]  ; 1       ;
; ov7670_controller:controller|i2c_sender:Inst_i2c_sender|data_sr[7]  ; 1       ;
; ov7670_controller:controller|i2c_sender:Inst_i2c_sender|data_sr[6]  ; 1       ;
; ov7670_controller:controller|i2c_sender:Inst_i2c_sender|data_sr[5]  ; 1       ;
; ov7670_controller:controller|i2c_sender:Inst_i2c_sender|data_sr[4]  ; 1       ;
; ov7670_controller:controller|i2c_sender:Inst_i2c_sender|data_sr[3]  ; 1       ;
; Total number of inverted registers = 31                             ;         ;
+---------------------------------------------------------------------+---------+


+---------------------------------------------------------------------------------------------------------------------------------------------------------------------------------------------+
; Multiplexer Restructuring Statistics (Restructuring Performed)                                                                                                                              ;
+--------------------+-----------+---------------+----------------------+------------------------+------------+-------------------------------------------------------------------------------+
; Multiplexer Inputs ; Bus Width ; Baseline Area ; Area if Restructured ; Saving if Restructured ; Registered ; Example Multiplexer Output                                                    ;
+--------------------+-----------+---------------+----------------------+------------------------+------------+-------------------------------------------------------------------------------+
; 3:1                ; 7 bits    ; 14 LEs        ; 7 LEs                ; 7 LEs                  ; Yes        ; |VHDL_CAM|ov7670_controller:controller|i2c_sender:Inst_i2c_sender|divider[6]  ;
; 3:1                ; 31 bits   ; 62 LEs        ; 31 LEs               ; 31 LEs                 ; Yes        ; |VHDL_CAM|ov7670_controller:controller|i2c_sender:Inst_i2c_sender|busy_sr[16] ;
; 3:1                ; 2 bits    ; 4 LEs         ; 2 LEs                ; 2 LEs                  ; Yes        ; |VHDL_CAM|ov7670_capture:capture|cnt[1]                                       ;
; 3:1                ; 15 bits   ; 30 LEs        ; 15 LEs               ; 15 LEs                 ; Yes        ; |VHDL_CAM|ov7670_capture:capture|address[11]                                  ;
; 4:1                ; 17 bits   ; 34 LEs        ; 34 LEs               ; 0 LEs                  ; Yes        ; |VHDL_CAM|vga:Inst_vga|address[4]                                             ;
; 3:1                ; 14 bits   ; 28 LEs        ; 28 LEs               ; 0 LEs                  ; Yes        ; |VHDL_CAM|ov7670_controller:controller|i2c_sender:Inst_i2c_sender|data_sr[26] ;
; 3:1                ; 16 bits   ; 32 LEs        ; 16 LEs               ; 16 LEs                 ; Yes        ; |VHDL_CAM|ov7670_controller:controller|i2c_sender:Inst_i2c_sender|data_sr[17] ;
+--------------------+-----------+---------------+----------------------+------------------------+------------+-------------------------------------------------------------------------------+


+--------------------------------------------------------------------------------------------------------+
; Source assignments for RAM_CAM:inst_ram|altsyncram:altsyncram_component|altsyncram_u3o3:auto_generated ;
+---------------------------------+--------------------+------+------------------------------------------+
; Assignment                      ; Value              ; From ; To                                       ;
+---------------------------------+--------------------+------+------------------------------------------+
; OPTIMIZE_POWER_DURING_SYNTHESIS ; NORMAL_COMPILATION ; -    ; -                                        ;
+---------------------------------+--------------------+------+------------------------------------------+


+-----------------------------------------------------------------------------------------------+
; Parameter Settings for User Entity Instance: RAM_CAM:inst_ram|altsyncram:altsyncram_component ;
+------------------------------------+----------------------+-----------------------------------+
; Parameter Name                     ; Value                ; Type                              ;
+------------------------------------+----------------------+-----------------------------------+
; BYTE_SIZE_BLOCK                    ; 8                    ; Untyped                           ;
; AUTO_CARRY_CHAINS                  ; ON                   ; AUTO_CARRY                        ;
; IGNORE_CARRY_BUFFERS               ; OFF                  ; IGNORE_CARRY                      ;
; AUTO_CASCADE_CHAINS                ; ON                   ; AUTO_CASCADE                      ;
; IGNORE_CASCADE_BUFFERS             ; OFF                  ; IGNORE_CASCADE                    ;
; WIDTH_BYTEENA                      ; 1                    ; Untyped                           ;
; OPERATION_MODE                     ; DUAL_PORT            ; Untyped                           ;
; WIDTH_A                            ; 8                    ; Signed Integer                    ;
; WIDTHAD_A                          ; 15                   ; Signed Integer                    ;
; NUMWORDS_A                         ; 32768                ; Signed Integer                    ;
; OUTDATA_REG_A                      ; UNREGISTERED         ; Untyped                           ;
; ADDRESS_ACLR_A                     ; NONE                 ; Untyped                           ;
; OUTDATA_ACLR_A                     ; NONE                 ; Untyped                           ;
; WRCONTROL_ACLR_A                   ; NONE                 ; Untyped                           ;
; INDATA_ACLR_A                      ; NONE                 ; Untyped                           ;
; BYTEENA_ACLR_A                     ; NONE                 ; Untyped                           ;
; WIDTH_B                            ; 8                    ; Signed Integer                    ;
; WIDTHAD_B                          ; 15                   ; Signed Integer                    ;
; NUMWORDS_B                         ; 32768                ; Signed Integer                    ;
; INDATA_REG_B                       ; CLOCK1               ; Untyped                           ;
; WRCONTROL_WRADDRESS_REG_B          ; CLOCK1               ; Untyped                           ;
; RDCONTROL_REG_B                    ; CLOCK1               ; Untyped                           ;
; ADDRESS_REG_B                      ; CLOCK1               ; Untyped                           ;
; OUTDATA_REG_B                      ; CLOCK1               ; Untyped                           ;
; BYTEENA_REG_B                      ; CLOCK1               ; Untyped                           ;
; INDATA_ACLR_B                      ; NONE                 ; Untyped                           ;
; WRCONTROL_ACLR_B                   ; NONE                 ; Untyped                           ;
; ADDRESS_ACLR_B                     ; NONE                 ; Untyped                           ;
; OUTDATA_ACLR_B                     ; NONE                 ; Untyped                           ;
; RDCONTROL_ACLR_B                   ; NONE                 ; Untyped                           ;
; BYTEENA_ACLR_B                     ; NONE                 ; Untyped                           ;
; WIDTH_BYTEENA_A                    ; 1                    ; Signed Integer                    ;
; WIDTH_BYTEENA_B                    ; 1                    ; Signed Integer                    ;
; RAM_BLOCK_TYPE                     ; AUTO                 ; Untyped                           ;
; BYTE_SIZE                          ; 8                    ; Signed Integer                    ;
; READ_DURING_WRITE_MODE_MIXED_PORTS ; DONT_CARE            ; Untyped                           ;
; READ_DURING_WRITE_MODE_PORT_A      ; NEW_DATA_NO_NBE_READ ; Untyped                           ;
; READ_DURING_WRITE_MODE_PORT_B      ; NEW_DATA_NO_NBE_READ ; Untyped                           ;
; INIT_FILE                          ; UNUSED               ; Untyped                           ;
; INIT_FILE_LAYOUT                   ; PORT_A               ; Untyped                           ;
; MAXIMUM_DEPTH                      ; 0                    ; Signed Integer                    ;
; CLOCK_ENABLE_INPUT_A               ; BYPASS               ; Untyped                           ;
; CLOCK_ENABLE_INPUT_B               ; BYPASS               ; Untyped                           ;
; CLOCK_ENABLE_OUTPUT_A              ; NORMAL               ; Untyped                           ;
; CLOCK_ENABLE_OUTPUT_B              ; BYPASS               ; Untyped                           ;
; CLOCK_ENABLE_CORE_A                ; USE_INPUT_CLKEN      ; Untyped                           ;
; CLOCK_ENABLE_CORE_B                ; USE_INPUT_CLKEN      ; Untyped                           ;
; ENABLE_ECC                         ; FALSE                ; Untyped                           ;
; ECC_PIPELINE_STAGE_ENABLED         ; FALSE                ; Untyped                           ;
; WIDTH_ECCSTATUS                    ; 3                    ; Signed Integer                    ;
; DEVICE_FAMILY                      ; MAX 10               ; Untyped                           ;
; CBXI_PARAMETER                     ; altsyncram_u3o3      ; Untyped                           ;
+------------------------------------+----------------------+-----------------------------------+
Note: In order to hide this table in the UI and the text report file, please set the "Show Parameter Settings in Synthesis Report" option in "Analysis and Synthesis Settings -> More Settings" to "Off".


+----------------------------------------------------------------------------------------------+
; altsyncram Parameter Settings by Entity Instance                                             ;
+-------------------------------------------+--------------------------------------------------+
; Name                                      ; Value                                            ;
+-------------------------------------------+--------------------------------------------------+
; Number of entity instances                ; 1                                                ;
; Entity Instance                           ; RAM_CAM:inst_ram|altsyncram:altsyncram_component ;
;     -- OPERATION_MODE                     ; DUAL_PORT                                        ;
;     -- WIDTH_A                            ; 8                                                ;
;     -- NUMWORDS_A                         ; 32768                                            ;
;     -- OUTDATA_REG_A                      ; UNREGISTERED                                     ;
;     -- WIDTH_B                            ; 8                                                ;
;     -- NUMWORDS_B                         ; 32768                                            ;
;     -- ADDRESS_REG_B                      ; CLOCK1                                           ;
;     -- OUTDATA_REG_B                      ; CLOCK1                                           ;
;     -- RAM_BLOCK_TYPE                     ; AUTO                                             ;
;     -- READ_DURING_WRITE_MODE_MIXED_PORTS ; DONT_CARE                                        ;
+-------------------------------------------+--------------------------------------------------+


+-------------------------------------------------------------------------------------+
; Port Connectivity Checks: "ov7670_controller:controller|i2c_sender:Inst_i2c_sender" ;
+----------+-------+----------+-------------------------------------------------------+
; Port     ; Type  ; Severity ; Details                                               ;
+----------+-------+----------+-------------------------------------------------------+
; id[5..2] ; Input ; Info     ; Stuck at GND                                          ;
; id[7]    ; Input ; Info     ; Stuck at GND                                          ;
; id[6]    ; Input ; Info     ; Stuck at VCC                                          ;
; id[1]    ; Input ; Info     ; Stuck at VCC                                          ;
; id[0]    ; Input ; Info     ; Stuck at GND                                          ;
+----------+-------+----------+-------------------------------------------------------+


+-----------------------------------------------------+
; Post-Synthesis Netlist Statistics for Top Partition ;
+-----------------------+-----------------------------+
; Type                  ; Count                       ;
+-----------------------+-----------------------------+
; boundary_port         ; 36                          ;
; cycloneiii_ff         ; 214                         ;
;     ENA               ; 70                          ;
;     ENA SCLR          ; 1                           ;
;     ENA SCLR SLD      ; 17                          ;
;     ENA SLD           ; 15                          ;
;     SCLR              ; 35                          ;
;     SLD               ; 1                           ;
;     plain             ; 75                          ;
; cycloneiii_io_obuf    ; 1                           ;
; cycloneiii_lcell_comb ; 379                         ;
;     arith             ; 101                         ;
;         2 data inputs ; 99                          ;
;         3 data inputs ; 2                           ;
;     normal            ; 278                         ;
;         0 data inputs ; 2                           ;
;         1 data inputs ; 10                          ;
;         2 data inputs ; 59                          ;
;         3 data inputs ; 47                          ;
;         4 data inputs ; 160                         ;
; cycloneiii_ram_block  ; 32                          ;
;                       ;                             ;
; Max LUT depth         ; 4.00                        ;
; Average LUT depth     ; 2.39                        ;
+-----------------------+-----------------------------+


+-------------------------------+
; Elapsed Time Per Partition    ;
+----------------+--------------+
; Partition Name ; Elapsed Time ;
+----------------+--------------+
; Top            ; 00:00:01     ;
+----------------+--------------+


+-------------------------------+
; Analysis & Synthesis Messages ;
+-------------------------------+
Info: *******************************************************************
Info: Running Quartus Prime Analysis & Synthesis
    Info: Version 18.1.0 Build 625 09/12/2018 SJ Lite Edition
    Info: Processing started: Wed Nov 27 22:32:50 2019
Info: Command: quartus_map --read_settings_files=on --write_settings_files=off VHDL_CAM -c VHDL_CAM
Warning (18236): Number of processors has not been specified which may cause overloading on shared machines.  Set the global assignment NUM_PARALLEL_PROCESSORS in your QSF to an appropriate value for best performance.
Info (20030): Parallel compilation is enabled and will use 4 of the 4 processors detected
Info (12021): Found 2 design units, including 1 entities, in source file ram_cam.vhd
    Info (12022): Found design unit 1: ram_cam-SYN File: Z:/Istanolion/Documents/GitHub/VLSI/VLSI_7/RAM_CAM.vhd Line: 56
    Info (12023): Found entity 1: RAM_CAM File: Z:/Istanolion/Documents/GitHub/VLSI/VLSI_7/RAM_CAM.vhd Line: 42
Info (12021): Found 2 design units, including 1 entities, in source file vhdl_cam.vhd
    Info (12022): Found design unit 1: VHDL_CAM-Behavioral File: Z:/Istanolion/Documents/GitHub/VLSI/VLSI_7/VHDL_CAM.vhd Line: 36
    Info (12023): Found entity 1: VHDL_CAM File: Z:/Istanolion/Documents/GitHub/VLSI/VLSI_7/VHDL_CAM.vhd Line: 9
Info (12021): Found 2 design units, including 1 entities, in source file debounce.vhd
    Info (12022): Found design unit 1: debounce-Behavioral File: Z:/Istanolion/Documents/GitHub/VLSI/VLSI_7/debounce.vhd Line: 17
    Info (12023): Found entity 1: debounce File: Z:/Istanolion/Documents/GitHub/VLSI/VLSI_7/debounce.vhd Line: 11
Info (12021): Found 2 design units, including 1 entities, in source file ov7670_capture.vhd
    Info (12022): Found design unit 1: ov7670_capture-Behavioral File: Z:/Istanolion/Documents/GitHub/VLSI/VLSI_7/ov7670_capture.vhd Line: 21
    Info (12023): Found entity 1: ov7670_capture File: Z:/Istanolion/Documents/GitHub/VLSI/VLSI_7/ov7670_capture.vhd Line: 11
Info (12021): Found 2 design units, including 1 entities, in source file ov7670_controller.vhd
    Info (12022): Found design unit 1: ov7670_controller-Behavioral File: Z:/Istanolion/Documents/GitHub/VLSI/VLSI_7/ov7670_controller.vhd Line: 23
    Info (12023): Found entity 1: ov7670_controller File: Z:/Istanolion/Documents/GitHub/VLSI/VLSI_7/ov7670_controller.vhd Line: 11
Info (12021): Found 2 design units, including 1 entities, in source file i2c_sender.vhd
    Info (12022): Found design unit 1: i2c_sender-Behavioral File: Z:/Istanolion/Documents/GitHub/VLSI/VLSI_7/i2c_sender.vhd Line: 16
    Info (12023): Found entity 1: i2c_sender File: Z:/Istanolion/Documents/GitHub/VLSI/VLSI_7/i2c_sender.vhd Line: 5
Info (12021): Found 2 design units, including 1 entities, in source file vga.vhd
    Info (12022): Found design unit 1: vga-Behavioral File: Z:/Istanolion/Documents/GitHub/VLSI/VLSI_7/vga.vhd Line: 18
    Info (12023): Found entity 1: vga File: Z:/Istanolion/Documents/GitHub/VLSI/VLSI_7/vga.vhd Line: 5
Info (12021): Found 2 design units, including 1 entities, in source file ov7670_registers.vhd
    Info (12022): Found design unit 1: ov7670_registers-Behavioral File: Z:/Istanolion/Documents/GitHub/VLSI/VLSI_7/ov7670_registers.vhd Line: 20
    Info (12023): Found entity 1: ov7670_registers File: Z:/Istanolion/Documents/GitHub/VLSI/VLSI_7/ov7670_registers.vhd Line: 12
Info (12127): Elaborating entity "VHDL_CAM" for the top level hierarchy
Info (12128): Elaborating entity "debounce" for hierarchy "debounce:btn_debounce" File: Z:/Istanolion/Documents/GitHub/VLSI/VLSI_7/VHDL_CAM.vhd Line: 114
Info (12128): Elaborating entity "vga" for hierarchy "vga:Inst_vga" File: Z:/Istanolion/Documents/GitHub/VLSI/VLSI_7/VHDL_CAM.vhd Line: 120
Info (12128): Elaborating entity "RAM_CAM" for hierarchy "RAM_CAM:inst_ram" File: Z:/Istanolion/Documents/GitHub/VLSI/VLSI_7/VHDL_CAM.vhd Line: 131
Info (12128): Elaborating entity "altsyncram" for hierarchy "RAM_CAM:inst_ram|altsyncram:altsyncram_component" File: Z:/Istanolion/Documents/GitHub/VLSI/VLSI_7/RAM_CAM.vhd Line: 63
Info (12130): Elaborated megafunction instantiation "RAM_CAM:inst_ram|altsyncram:altsyncram_component" File: Z:/Istanolion/Documents/GitHub/VLSI/VLSI_7/RAM_CAM.vhd Line: 63
Info (12133): Instantiated megafunction "RAM_CAM:inst_ram|altsyncram:altsyncram_component" with the following parameter: File: Z:/Istanolion/Documents/GitHub/VLSI/VLSI_7/RAM_CAM.vhd Line: 63
    Info (12134): Parameter "address_aclr_a" = "UNUSED"
    Info (12134): Parameter "address_aclr_b" = "NONE"
    Info (12134): Parameter "address_reg_b" = "CLOCK1"
    Info (12134): Parameter "byte_size" = "8"
    Info (12134): Parameter "byteena_aclr_a" = "UNUSED"
    Info (12134): Parameter "byteena_aclr_b" = "NONE"
    Info (12134): Parameter "byteena_reg_b" = "CLOCK1"
    Info (12134): Parameter "clock_enable_core_a" = "USE_INPUT_CLKEN"
    Info (12134): Parameter "clock_enable_core_b" = "USE_INPUT_CLKEN"
    Info (12134): Parameter "clock_enable_input_a" = "BYPASS"
    Info (12134): Parameter "clock_enable_input_b" = "BYPASS"
    Info (12134): Parameter "clock_enable_output_a" = "NORMAL"
    Info (12134): Parameter "clock_enable_output_b" = "BYPASS"
    Info (12134): Parameter "intended_device_family" = "MAX 10"
    Info (12134): Parameter "ecc_pipeline_stage_enabled" = "FALSE"
    Info (12134): Parameter "enable_ecc" = "FALSE"
    Info (12134): Parameter "implement_in_les" = "OFF"
    Info (12134): Parameter "indata_aclr_a" = "UNUSED"
    Info (12134): Parameter "indata_aclr_b" = "NONE"
    Info (12134): Parameter "indata_reg_b" = "CLOCK1"
    Info (12134): Parameter "init_file" = "UNUSED"
    Info (12134): Parameter "init_file_layout" = "PORT_A"
    Info (12134): Parameter "maximum_depth" = "0"
    Info (12134): Parameter "numwords_a" = "32768"
    Info (12134): Parameter "numwords_b" = "32768"
    Info (12134): Parameter "operation_mode" = "DUAL_PORT"
    Info (12134): Parameter "outdata_aclr_a" = "NONE"
    Info (12134): Parameter "outdata_aclr_b" = "NONE"
    Info (12134): Parameter "outdata_reg_a" = "UNREGISTERED"
    Info (12134): Parameter "outdata_reg_b" = "CLOCK1"
    Info (12134): Parameter "power_up_uninitialized" = "FALSE"
    Info (12134): Parameter "ram_block_type" = "AUTO"
    Info (12134): Parameter "rdcontrol_aclr_b" = "NONE"
    Info (12134): Parameter "rdcontrol_reg_b" = "CLOCK1"
    Info (12134): Parameter "read_during_write_mode_mixed_ports" = "DONT_CARE"
    Info (12134): Parameter "read_during_write_mode_port_a" = "NEW_DATA_NO_NBE_READ"
    Info (12134): Parameter "read_during_write_mode_port_b" = "NEW_DATA_NO_NBE_READ"
    Info (12134): Parameter "stratixiv_m144k_allow_dual_clocks" = "ON"
    Info (12134): Parameter "width_a" = "8"
    Info (12134): Parameter "width_b" = "8"
    Info (12134): Parameter "width_byteena_a" = "1"
    Info (12134): Parameter "width_byteena_b" = "1"
    Info (12134): Parameter "width_eccstatus" = "3"
    Info (12134): Parameter "widthad_a" = "15"
    Info (12134): Parameter "widthad_b" = "15"
    Info (12134): Parameter "wrcontrol_aclr_a" = "UNUSED"
    Info (12134): Parameter "wrcontrol_aclr_b" = "NONE"
    Info (12134): Parameter "wrcontrol_wraddress_reg_b" = "CLOCK1"
    Info (12134): Parameter "lpm_hint" = "UNUSED"
    Info (12134): Parameter "lpm_type" = "altsyncram"
Info (12021): Found 1 design units, including 1 entities, in source file db/altsyncram_u3o3.tdf
    Info (12023): Found entity 1: altsyncram_u3o3 File: Z:/Istanolion/Documents/GitHub/VLSI/VLSI_7/db/altsyncram_u3o3.tdf Line: 33
Info (12128): Elaborating entity "altsyncram_u3o3" for hierarchy "RAM_CAM:inst_ram|altsyncram:altsyncram_component|altsyncram_u3o3:auto_generated" File: z:/intelfpga_lite/18.1/quartus/libraries/megafunctions/altsyncram.tdf Line: 791
Info (12021): Found 1 design units, including 1 entities, in source file db/decode_c7a.tdf
    Info (12023): Found entity 1: decode_c7a File: Z:/Istanolion/Documents/GitHub/VLSI/VLSI_7/db/decode_c7a.tdf Line: 22
Info (12128): Elaborating entity "decode_c7a" for hierarchy "RAM_CAM:inst_ram|altsyncram:altsyncram_component|altsyncram_u3o3:auto_generated|decode_c7a:decode2" File: Z:/Istanolion/Documents/GitHub/VLSI/VLSI_7/db/altsyncram_u3o3.tdf Line: 46
Info (12021): Found 1 design units, including 1 entities, in source file db/decode_5j9.tdf
    Info (12023): Found entity 1: decode_5j9 File: Z:/Istanolion/Documents/GitHub/VLSI/VLSI_7/db/decode_5j9.tdf Line: 22
Info (12128): Elaborating entity "decode_5j9" for hierarchy "RAM_CAM:inst_ram|altsyncram:altsyncram_component|altsyncram_u3o3:auto_generated|decode_5j9:rden_decode_b" File: Z:/Istanolion/Documents/GitHub/VLSI/VLSI_7/db/altsyncram_u3o3.tdf Line: 47
Info (12021): Found 1 design units, including 1 entities, in source file db/mux_s1b.tdf
    Info (12023): Found entity 1: mux_s1b File: Z:/Istanolion/Documents/GitHub/VLSI/VLSI_7/db/mux_s1b.tdf Line: 22
Info (12128): Elaborating entity "mux_s1b" for hierarchy "RAM_CAM:inst_ram|altsyncram:altsyncram_component|altsyncram_u3o3:auto_generated|mux_s1b:mux3" File: Z:/Istanolion/Documents/GitHub/VLSI/VLSI_7/db/altsyncram_u3o3.tdf Line: 49
Info (12128): Elaborating entity "ov7670_capture" for hierarchy "ov7670_capture:capture" File: Z:/Istanolion/Documents/GitHub/VLSI/VLSI_7/VHDL_CAM.vhd Line: 150
Info (12128): Elaborating entity "ov7670_controller" for hierarchy "ov7670_controller:controller" File: Z:/Istanolion/Documents/GitHub/VLSI/VLSI_7/VHDL_CAM.vhd Line: 160
Info (12128): Elaborating entity "i2c_sender" for hierarchy "ov7670_controller:controller|i2c_sender:Inst_i2c_sender" File: Z:/Istanolion/Documents/GitHub/VLSI/VLSI_7/ov7670_controller.vhd Line: 58
Info (12128): Elaborating entity "ov7670_registers" for hierarchy "ov7670_controller:controller|ov7670_registers:Inst_ov7670_registers" File: Z:/Istanolion/Documents/GitHub/VLSI/VLSI_7/ov7670_controller.vhd Line: 73
Warning (13024): Output pins are stuck at VCC or GND
    Warning (13410): Pin "OV7670_RESET" is stuck at VCC File: Z:/Istanolion/Documents/GitHub/VLSI/VLSI_7/VHDL_CAM.vhd Line: 16
    Warning (13410): Pin "OV7670_PWDN" is stuck at GND File: Z:/Istanolion/Documents/GitHub/VLSI/VLSI_7/VHDL_CAM.vhd Line: 17
    Warning (13410): Pin "LED[1]" is stuck at GND File: Z:/Istanolion/Documents/GitHub/VLSI/VLSI_7/VHDL_CAM.vhd Line: 24
    Warning (13410): Pin "LED[2]" is stuck at GND File: Z:/Istanolion/Documents/GitHub/VLSI/VLSI_7/VHDL_CAM.vhd Line: 24
    Warning (13410): Pin "LED[3]" is stuck at GND File: Z:/Istanolion/Documents/GitHub/VLSI/VLSI_7/VHDL_CAM.vhd Line: 24
    Warning (13410): Pin "LED[4]" is stuck at GND File: Z:/Istanolion/Documents/GitHub/VLSI/VLSI_7/VHDL_CAM.vhd Line: 24
    Warning (13410): Pin "LED[5]" is stuck at GND File: Z:/Istanolion/Documents/GitHub/VLSI/VLSI_7/VHDL_CAM.vhd Line: 24
    Warning (13410): Pin "LED[6]" is stuck at GND File: Z:/Istanolion/Documents/GitHub/VLSI/VLSI_7/VHDL_CAM.vhd Line: 24
    Warning (13410): Pin "LED[7]" is stuck at GND File: Z:/Istanolion/Documents/GitHub/VLSI/VLSI_7/VHDL_CAM.vhd Line: 24
Info (286030): Timing-Driven Synthesis is running
Info (16010): Generating hard_block partition "hard_block:auto_generated_inst"
    Info (16011): Adding 0 node(s), including 0 DDIO, 0 PLL, 0 transceiver and 0 LCELL
Info (21057): Implemented 481 device resources after synthesis - the final resource count might be different
    Info (21058): Implemented 13 input pins
    Info (21059): Implemented 22 output pins
    Info (21060): Implemented 1 bidirectional pins
    Info (21061): Implemented 413 logic cells
    Info (21064): Implemented 32 RAM segments
Info: Quartus Prime Analysis & Synthesis was successful. 0 errors, 11 warnings
    Info: Peak virtual memory: 4809 megabytes
    Info: Processing ended: Wed Nov 27 22:33:05 2019
    Info: Elapsed time: 00:00:15
    Info: Total CPU time (on all processors): 00:00:25


