Analysis & Synthesis report for P2
Thu Aug 29 20:45:35 2019
Quartus Prime Version 18.1.0 Build 625 09/12/2018 SJ Lite Edition


---------------------
; Table of Contents ;
---------------------
  1. Legal Notice
  2. Analysis & Synthesis Summary
  3. Analysis & Synthesis Settings
  4. Parallel Compilation
  5. Analysis & Synthesis Source Files Read
  6. Analysis & Synthesis Resource Usage Summary
  7. Analysis & Synthesis Resource Utilization by Entity
  8. Registers Removed During Synthesis
  9. Removed Registers Triggering Further Register Optimizations
 10. General Register Statistics
 11. Inverted Register Statistics
 12. Multiplexer Restructuring Statistics (Restructuring Performed)
 13. Port Connectivity Checks: "deco7Seg:HHd"
 14. Port Connectivity Checks: "deco7Seg:HMd"
 15. Port Connectivity Checks: "deco7Seg:HSd"
 16. Port Connectivity Checks: "deco7Seg:HHu"
 17. Port Connectivity Checks: "deco7Seg:HMu"
 18. Port Connectivity Checks: "deco7Seg:HSu"
 19. Port Connectivity Checks: "reloj:watch"
 20. Port Connectivity Checks: "divFreq:div"
 21. Post-Synthesis Netlist Statistics for Top Partition
 22. Elapsed Time Per Partition
 23. Analysis & Synthesis Messages



----------------
; Legal Notice ;
----------------
Copyright (C) 2018  Intel Corporation. All rights reserved.
Your use of Intel Corporation's design tools, logic functions 
and other software and tools, and its AMPP partner logic 
functions, and any output files from any of the foregoing 
(including device programming or simulation files), and any 
associated documentation or information are expressly subject 
to the terms and conditions of the Intel Program License 
Subscription Agreement, the Intel Quartus Prime License Agreement,
the Intel FPGA IP License Agreement, or other applicable license
agreement, including, without limitation, that your use is for
the sole purpose of programming logic devices manufactured by
Intel and sold by Intel or its authorized distributors.  Please
refer to the applicable agreement for further details.



+----------------------------------------------------------------------------------+
; Analysis & Synthesis Summary                                                     ;
+------------------------------------+---------------------------------------------+
; Analysis & Synthesis Status        ; Successful - Thu Aug 29 20:45:35 2019       ;
; Quartus Prime Version              ; 18.1.0 Build 625 09/12/2018 SJ Lite Edition ;
; Revision Name                      ; P2                                          ;
; Top-level Entity Name              ; total                                       ;
; Family                             ; MAX 10                                      ;
; Total logic elements               ; 271                                         ;
;     Total combinational functions  ; 270                                         ;
;     Dedicated logic registers      ; 154                                         ;
; Total registers                    ; 154                                         ;
; Total pins                         ; 53                                          ;
; Total virtual pins                 ; 0                                           ;
; Total memory bits                  ; 0                                           ;
; Embedded Multiplier 9-bit elements ; 0                                           ;
; Total PLLs                         ; 0                                           ;
; UFM blocks                         ; 0                                           ;
; ADC blocks                         ; 0                                           ;
+------------------------------------+---------------------------------------------+


+------------------------------------------------------------------------------------------------------------+
; Analysis & Synthesis Settings                                                                              ;
+------------------------------------------------------------------+--------------------+--------------------+
; Option                                                           ; Setting            ; Default Value      ;
+------------------------------------------------------------------+--------------------+--------------------+
; Device                                                           ; 10M50DAF484C6GES   ;                    ;
; Top-level entity name                                            ; total              ; P2                 ;
; Family name                                                      ; MAX 10             ; Cyclone V          ;
; VHDL Show LMF Mapping Messages                                   ; Off                ;                    ;
; VHDL Version                                                     ; VHDL_2008          ; VHDL_1993          ;
; Use smart compilation                                            ; Off                ; Off                ;
; Enable parallel Assembler and Timing Analyzer during compilation ; On                 ; On                 ;
; Enable compact report table                                      ; Off                ; Off                ;
; Restructure Multiplexers                                         ; Auto               ; Auto               ;
; Create Debugging Nodes for IP Cores                              ; Off                ; Off                ;
; Preserve fewer node names                                        ; On                 ; On                 ;
; Intel FPGA IP Evaluation Mode                                    ; Enable             ; Enable             ;
; Verilog Version                                                  ; Verilog_2001       ; Verilog_2001       ;
; State Machine Processing                                         ; Auto               ; Auto               ;
; Safe State Machine                                               ; Off                ; Off                ;
; Extract Verilog State Machines                                   ; On                 ; On                 ;
; Extract VHDL State Machines                                      ; On                 ; On                 ;
; Ignore Verilog initial constructs                                ; Off                ; Off                ;
; Iteration limit for constant Verilog loops                       ; 5000               ; 5000               ;
; Iteration limit for non-constant Verilog loops                   ; 250                ; 250                ;
; Add Pass-Through Logic to Inferred RAMs                          ; On                 ; On                 ;
; Infer RAMs from Raw Logic                                        ; On                 ; On                 ;
; Parallel Synthesis                                               ; On                 ; On                 ;
; DSP Block Balancing                                              ; Auto               ; Auto               ;
; NOT Gate Push-Back                                               ; On                 ; On                 ;
; Power-Up Don't Care                                              ; On                 ; On                 ;
; Remove Redundant Logic Cells                                     ; Off                ; Off                ;
; Remove Duplicate Registers                                       ; On                 ; On                 ;
; Ignore CARRY Buffers                                             ; Off                ; Off                ;
; Ignore CASCADE Buffers                                           ; Off                ; Off                ;
; Ignore GLOBAL Buffers                                            ; Off                ; Off                ;
; Ignore ROW GLOBAL Buffers                                        ; Off                ; Off                ;
; Ignore LCELL Buffers                                             ; Off                ; Off                ;
; Ignore SOFT Buffers                                              ; On                 ; On                 ;
; Limit AHDL Integers to 32 Bits                                   ; Off                ; Off                ;
; Optimization Technique                                           ; Balanced           ; Balanced           ;
; Carry Chain Length                                               ; 70                 ; 70                 ;
; Auto Carry Chains                                                ; On                 ; On                 ;
; Auto Open-Drain Pins                                             ; On                 ; On                 ;
; Perform WYSIWYG Primitive Resynthesis                            ; Off                ; Off                ;
; Auto ROM Replacement                                             ; On                 ; On                 ;
; Auto RAM Replacement                                             ; On                 ; On                 ;
; Auto DSP Block Replacement                                       ; On                 ; On                 ;
; Auto Shift Register Replacement                                  ; Auto               ; Auto               ;
; Allow Shift Register Merging across Hierarchies                  ; Auto               ; Auto               ;
; Auto Clock Enable Replacement                                    ; On                 ; On                 ;
; Strict RAM Replacement                                           ; Off                ; Off                ;
; Allow Synchronous Control Signals                                ; On                 ; On                 ;
; Force Use of Synchronous Clear Signals                           ; Off                ; Off                ;
; Auto RAM Block Balancing                                         ; On                 ; On                 ;
; Auto RAM to Logic Cell Conversion                                ; Off                ; Off                ;
; Auto Resource Sharing                                            ; Off                ; Off                ;
; Allow Any RAM Size For Recognition                               ; Off                ; Off                ;
; Allow Any ROM Size For Recognition                               ; Off                ; Off                ;
; Allow Any Shift Register Size For Recognition                    ; Off                ; Off                ;
; Use LogicLock Constraints during Resource Balancing              ; On                 ; On                 ;
; Ignore translate_off and synthesis_off directives                ; Off                ; Off                ;
; Timing-Driven Synthesis                                          ; On                 ; On                 ;
; Report Parameter Settings                                        ; On                 ; On                 ;
; Report Source Assignments                                        ; On                 ; On                 ;
; Report Connectivity Checks                                       ; On                 ; On                 ;
; Ignore Maximum Fan-Out Assignments                               ; Off                ; Off                ;
; Synchronization Register Chain Length                            ; 2                  ; 2                  ;
; Power Optimization During Synthesis                              ; Normal compilation ; Normal compilation ;
; HDL message level                                                ; Level2             ; Level2             ;
; Suppress Register Optimization Related Messages                  ; Off                ; Off                ;
; Number of Removed Registers Reported in Synthesis Report         ; 5000               ; 5000               ;
; Number of Swept Nodes Reported in Synthesis Report               ; 5000               ; 5000               ;
; Number of Inverted Registers Reported in Synthesis Report        ; 100                ; 100                ;
; Clock MUX Protection                                             ; On                 ; On                 ;
; Auto Gated Clock Conversion                                      ; Off                ; Off                ;
; Block Design Naming                                              ; Auto               ; Auto               ;
; SDC constraint protection                                        ; Off                ; Off                ;
; Synthesis Effort                                                 ; Auto               ; Auto               ;
; Shift Register Replacement - Allow Asynchronous Clear Signal     ; On                 ; On                 ;
; Pre-Mapping Resynthesis Optimization                             ; Off                ; Off                ;
; Analysis & Synthesis Message Level                               ; Medium             ; Medium             ;
; Disable Register Merging Across Hierarchies                      ; Auto               ; Auto               ;
; Resource Aware Inference For Block RAM                           ; On                 ; On                 ;
+------------------------------------------------------------------+--------------------+--------------------+


+------------------------------------------+
; Parallel Compilation                     ;
+----------------------------+-------------+
; Processors                 ; Number      ;
+----------------------------+-------------+
; Number detected on machine ; 4           ;
; Maximum allowed            ; 2           ;
;                            ;             ;
; Average used               ; 1.00        ;
; Maximum used               ; 2           ;
;                            ;             ;
; Usage by Processor         ; % Time Used ;
;     Processor 1            ; 100.0%      ;
;     Processor 2            ;   0.0%      ;
+----------------------------+-------------+


+---------------------------------------------------------------------------------------------------------------------------------------+
; Analysis & Synthesis Source Files Read                                                                                                ;
+----------------------------------+-----------------+-----------------+------------------------------------------------------+---------+
; File Name with User-Entered Path ; Used in Netlist ; File Type       ; File Name with Absolute Path                         ; Library ;
+----------------------------------+-----------------+-----------------+------------------------------------------------------+---------+
; deco7seg.vhd                     ; yes             ; User VHDL File  ; C:/Users/akuma/Documents/GitHub/VLSI/p2/deco7seg.vhd ;         ;
; divFreq.vhd                      ; yes             ; User VHDL File  ; C:/Users/akuma/Documents/GitHub/VLSI/p2/divFreq.vhd  ;         ;
; MUXreloj.vhd                     ; yes             ; User VHDL File  ; C:/Users/akuma/Documents/GitHub/VLSI/p2/MUXreloj.vhd ;         ;
; reloj.vhd                        ; yes             ; User VHDL File  ; C:/Users/akuma/Documents/GitHub/VLSI/p2/reloj.vhd    ;         ;
; total.vhd                        ; yes             ; User VHDL File  ; C:/Users/akuma/Documents/GitHub/VLSI/p2/total.vhd    ;         ;
+----------------------------------+-----------------+-----------------+------------------------------------------------------+---------+


+-------------------------------------------------------------+
; Analysis & Synthesis Resource Usage Summary                 ;
+---------------------------------------------+---------------+
; Resource                                    ; Usage         ;
+---------------------------------------------+---------------+
; Estimated Total logic elements              ; 271           ;
;                                             ;               ;
; Total combinational functions               ; 270           ;
; Logic element usage by number of LUT inputs ;               ;
;     -- 4 input functions                    ; 130           ;
;     -- 3 input functions                    ; 56            ;
;     -- <=2 input functions                  ; 84            ;
;                                             ;               ;
; Logic elements by mode                      ;               ;
;     -- normal mode                          ; 190           ;
;     -- arithmetic mode                      ; 80            ;
;                                             ;               ;
; Total registers                             ; 154           ;
;     -- Dedicated logic registers            ; 154           ;
;     -- I/O registers                        ; 0             ;
;                                             ;               ;
; I/O pins                                    ; 53            ;
;                                             ;               ;
; Embedded Multiplier 9-bit elements          ; 0             ;
;                                             ;               ;
; Maximum fan-out node                        ; clk50Hz~input ;
; Maximum fan-out                             ; 108           ;
; Total fan-out                               ; 1351          ;
; Average fan-out                             ; 2.55          ;
+---------------------------------------------+---------------+


+------------------------------------------------------------------------------------------------------------------------------------------------------------------------------------------------------------------------------------+
; Analysis & Synthesis Resource Utilization by Entity                                                                                                                                                                                ;
+----------------------------+---------------------+---------------------------+-------------+------------+--------------+---------+-----------+------+--------------+------------+---------------------+-------------+--------------+
; Compilation Hierarchy Node ; Combinational ALUTs ; Dedicated Logic Registers ; Memory Bits ; UFM Blocks ; DSP Elements ; DSP 9x9 ; DSP 18x18 ; Pins ; Virtual Pins ; ADC blocks ; Full Hierarchy Name ; Entity Name ; Library Name ;
+----------------------------+---------------------+---------------------------+-------------+------------+--------------+---------+-----------+------+--------------+------------+---------------------+-------------+--------------+
; |total                     ; 270 (0)             ; 154 (0)                   ; 0           ; 0          ; 0            ; 0       ; 0         ; 53   ; 0            ; 0          ; |total              ; total       ; work         ;
;    |MUXreloj:mux|          ; 1 (1)               ; 1 (1)                     ; 0           ; 0          ; 0            ; 0       ; 0         ; 0    ; 0            ; 0          ; |total|MUXreloj:mux ; MUXreloj    ; work         ;
;    |deco7Seg:HHd|          ; 5 (5)               ; 6 (6)                     ; 0           ; 0          ; 0            ; 0       ; 0         ; 0    ; 0            ; 0          ; |total|deco7Seg:HHd ; deco7Seg    ; work         ;
;    |deco7Seg:HHu|          ; 17 (17)             ; 7 (7)                     ; 0           ; 0          ; 0            ; 0       ; 0         ; 0    ; 0            ; 0          ; |total|deco7Seg:HHu ; deco7Seg    ; work         ;
;    |deco7Seg:HMd|          ; 7 (7)               ; 7 (7)                     ; 0           ; 0          ; 0            ; 0       ; 0         ; 0    ; 0            ; 0          ; |total|deco7Seg:HMd ; deco7Seg    ; work         ;
;    |deco7Seg:HMu|          ; 17 (17)             ; 7 (7)                     ; 0           ; 0          ; 0            ; 0       ; 0         ; 0    ; 0            ; 0          ; |total|deco7Seg:HMu ; deco7Seg    ; work         ;
;    |deco7Seg:HSd|          ; 7 (7)               ; 7 (7)                     ; 0           ; 0          ; 0            ; 0       ; 0         ; 0    ; 0            ; 0          ; |total|deco7Seg:HSd ; deco7Seg    ; work         ;
;    |deco7Seg:HSu|          ; 17 (17)             ; 7 (7)                     ; 0           ; 0          ; 0            ; 0       ; 0         ; 0    ; 0            ; 0          ; |total|deco7Seg:HSu ; deco7Seg    ; work         ;
;    |divFreq:div|           ; 85 (85)             ; 66 (66)                   ; 0           ; 0          ; 0            ; 0       ; 0         ; 0    ; 0            ; 0          ; |total|divFreq:div  ; divFreq     ; work         ;
;    |reloj:watch|           ; 114 (114)           ; 46 (46)                   ; 0           ; 0          ; 0            ; 0       ; 0         ; 0    ; 0            ; 0          ; |total|reloj:watch  ; reloj       ; work         ;
+----------------------------+---------------------+---------------------------+-------------+------------+--------------+---------+-----------+------+--------------+------------+---------------------+-------------+--------------+
Note: For table entries with two numbers listed, the numbers in parentheses indicate the number of resources of the given type used by the specific entity alone. The numbers listed outside of parentheses indicate the total resources of the given type used by the specific entity and all of its sub-entities in the hierarchy.


+---------------------------------------------------------------------------------+
; Registers Removed During Synthesis                                              ;
+----------------------------------------+----------------------------------------+
; Register name                          ; Reason for Removal                     ;
+----------------------------------------+----------------------------------------+
; deco7Seg:HHd|HEX[7]                    ; Stuck at VCC due to stuck port data_in ;
; deco7Seg:HMd|HEX[7]                    ; Stuck at VCC due to stuck port data_in ;
; deco7Seg:HSd|HEX[7]                    ; Stuck at VCC due to stuck port data_in ;
; deco7Seg:HHu|HEX[7]                    ; Stuck at VCC due to stuck port data_in ;
; deco7Seg:HMu|HEX[7]                    ; Stuck at VCC due to stuck port data_in ;
; deco7Seg:HSu|HEX[7]                    ; Stuck at VCC due to stuck port data_in ;
; reloj:watch|shrd[3]                    ; Stuck at GND due to stuck port data_in ;
; reloj:watch|segd[3]                    ; Stuck at GND due to stuck port data_in ;
; reloj:watch|ssegd[3]                   ; Stuck at GND due to stuck port data_in ;
; reloj:watch|mind[3]                    ; Stuck at GND due to stuck port data_in ;
; reloj:watch|smind[3]                   ; Stuck at GND due to stuck port data_in ;
; reloj:watch|shrd[2]                    ; Stuck at GND due to stuck port data_in ;
; deco7Seg:HHd|HEX[1]                    ; Stuck at GND due to stuck port data_in ;
; Total Number of Removed Registers = 13 ;                                        ;
+----------------------------------------+----------------------------------------+


+------------------------------------------------------------------------------------------+
; Removed Registers Triggering Further Register Optimizations                              ;
+---------------------+---------------------------+----------------------------------------+
; Register name       ; Reason for Removal        ; Registers Removed due to This Register ;
+---------------------+---------------------------+----------------------------------------+
; reloj:watch|shrd[3] ; Stuck at GND              ; deco7Seg:HHd|HEX[1]                    ;
;                     ; due to stuck port data_in ;                                        ;
; reloj:watch|segd[3] ; Stuck at GND              ; reloj:watch|mind[3]                    ;
;                     ; due to stuck port data_in ;                                        ;
+---------------------+---------------------------+----------------------------------------+


+------------------------------------------------------+
; General Register Statistics                          ;
+----------------------------------------------+-------+
; Statistic                                    ; Value ;
+----------------------------------------------+-------+
; Total registers                              ; 154   ;
; Number of registers using Synchronous Clear  ; 65    ;
; Number of registers using Synchronous Load   ; 0     ;
; Number of registers using Asynchronous Clear ; 0     ;
; Number of registers using Asynchronous Load  ; 0     ;
; Number of registers using Clock Enable       ; 39    ;
; Number of registers using Preset             ; 0     ;
+----------------------------------------------+-------+


+--------------------------------------------------+
; Inverted Register Statistics                     ;
+----------------------------------------+---------+
; Inverted Register                      ; Fan out ;
+----------------------------------------+---------+
; reloj:watch|estado_normal              ; 21      ;
; Total number of inverted registers = 1 ;         ;
+----------------------------------------+---------+


+-------------------------------------------------------------------------------------------------------------------------------------------+
; Multiplexer Restructuring Statistics (Restructuring Performed)                                                                            ;
+--------------------+-----------+---------------+----------------------+------------------------+------------+-----------------------------+
; Multiplexer Inputs ; Bus Width ; Baseline Area ; Area if Restructured ; Saving if Restructured ; Registered ; Example Multiplexer Output  ;
+--------------------+-----------+---------------+----------------------+------------------------+------------+-----------------------------+
; 3:1                ; 2 bits    ; 4 LEs         ; 2 LEs                ; 2 LEs                  ; Yes        ; |total|reloj:watch|hrd[1]   ;
; 3:1                ; 4 bits    ; 8 LEs         ; 4 LEs                ; 4 LEs                  ; Yes        ; |total|reloj:watch|ssegu[3] ;
; 3:1                ; 4 bits    ; 8 LEs         ; 4 LEs                ; 4 LEs                  ; Yes        ; |total|reloj:watch|ssegd[0] ;
; 3:1                ; 4 bits    ; 8 LEs         ; 4 LEs                ; 4 LEs                  ; Yes        ; |total|reloj:watch|sminu[0] ;
; 3:1                ; 4 bits    ; 8 LEs         ; 4 LEs                ; 4 LEs                  ; Yes        ; |total|reloj:watch|smind[0] ;
; 3:1                ; 4 bits    ; 8 LEs         ; 4 LEs                ; 4 LEs                  ; Yes        ; |total|reloj:watch|shrd[1]  ;
; 5:1                ; 4 bits    ; 12 LEs        ; 4 LEs                ; 8 LEs                  ; Yes        ; |total|reloj:watch|hr[0]    ;
; 5:1                ; 4 bits    ; 12 LEs        ; 4 LEs                ; 8 LEs                  ; Yes        ; |total|reloj:watch|shru[3]  ;
+--------------------+-----------+---------------+----------------------+------------------------+------------+-----------------------------+


+-------------------------------------------------+
; Port Connectivity Checks: "deco7Seg:HHd"        ;
+---------------+-------+----------+--------------+
; Port          ; Type  ; Severity ; Details      ;
+---------------+-------+----------+--------------+
; numero[31..4] ; Input ; Info     ; Stuck at GND ;
+---------------+-------+----------+--------------+


+-------------------------------------------------+
; Port Connectivity Checks: "deco7Seg:HMd"        ;
+---------------+-------+----------+--------------+
; Port          ; Type  ; Severity ; Details      ;
+---------------+-------+----------+--------------+
; numero[31..4] ; Input ; Info     ; Stuck at GND ;
+---------------+-------+----------+--------------+


+-------------------------------------------------+
; Port Connectivity Checks: "deco7Seg:HSd"        ;
+---------------+-------+----------+--------------+
; Port          ; Type  ; Severity ; Details      ;
+---------------+-------+----------+--------------+
; numero[31..4] ; Input ; Info     ; Stuck at GND ;
+---------------+-------+----------+--------------+


+-------------------------------------------------+
; Port Connectivity Checks: "deco7Seg:HHu"        ;
+---------------+-------+----------+--------------+
; Port          ; Type  ; Severity ; Details      ;
+---------------+-------+----------+--------------+
; numero[31..4] ; Input ; Info     ; Stuck at GND ;
+---------------+-------+----------+--------------+


+-------------------------------------------------+
; Port Connectivity Checks: "deco7Seg:HMu"        ;
+---------------+-------+----------+--------------+
; Port          ; Type  ; Severity ; Details      ;
+---------------+-------+----------+--------------+
; numero[31..4] ; Input ; Info     ; Stuck at GND ;
+---------------+-------+----------+--------------+


+-------------------------------------------------+
; Port Connectivity Checks: "deco7Seg:HSu"        ;
+---------------+-------+----------+--------------+
; Port          ; Type  ; Severity ; Details      ;
+---------------+-------+----------+--------------+
; numero[31..4] ; Input ; Info     ; Stuck at GND ;
+---------------+-------+----------+--------------+


+---------------------------------------------------------------------------------------------------------------------+
; Port Connectivity Checks: "reloj:watch"                                                                             ;
+-----------+--------+----------+-------------------------------------------------------------------------------------+
; Port      ; Type   ; Severity ; Details                                                                             ;
+-----------+--------+----------+-------------------------------------------------------------------------------------+
; su[31..4] ; Output ; Info     ; Connected to dangling logic. Logic that only feeds a dangling port will be removed. ;
; mu[31..4] ; Output ; Info     ; Connected to dangling logic. Logic that only feeds a dangling port will be removed. ;
; hu[31..4] ; Output ; Info     ; Connected to dangling logic. Logic that only feeds a dangling port will be removed. ;
; sd[31..4] ; Output ; Info     ; Connected to dangling logic. Logic that only feeds a dangling port will be removed. ;
; md[31..4] ; Output ; Info     ; Connected to dangling logic. Logic that only feeds a dangling port will be removed. ;
; hd[31..4] ; Output ; Info     ; Connected to dangling logic. Logic that only feeds a dangling port will be removed. ;
+-----------+--------+----------+-------------------------------------------------------------------------------------+


+----------------------------------------------------------------------------------------------------------------+
; Port Connectivity Checks: "divFreq:div"                                                                        ;
+------+--------+----------+-------------------------------------------------------------------------------------+
; Port ; Type   ; Severity ; Details                                                                             ;
+------+--------+----------+-------------------------------------------------------------------------------------+
; clk3 ; Output ; Info     ; Connected to dangling logic. Logic that only feeds a dangling port will be removed. ;
+------+--------+----------+-------------------------------------------------------------------------------------+


+-----------------------------------------------------+
; Post-Synthesis Netlist Statistics for Top Partition ;
+-----------------------+-----------------------------+
; Type                  ; Count                       ;
+-----------------------+-----------------------------+
; boundary_port         ; 53                          ;
; cycloneiii_ff         ; 154                         ;
;     ENA               ; 39                          ;
;     SCLR              ; 65                          ;
;     plain             ; 50                          ;
; cycloneiii_lcell_comb ; 273                         ;
;     arith             ; 80                          ;
;         2 data inputs ; 62                          ;
;         3 data inputs ; 18                          ;
;     normal            ; 193                         ;
;         0 data inputs ; 7                           ;
;         1 data inputs ; 3                           ;
;         2 data inputs ; 15                          ;
;         3 data inputs ; 38                          ;
;         4 data inputs ; 130                         ;
;                       ;                             ;
; Max LUT depth         ; 8.10                        ;
; Average LUT depth     ; 3.52                        ;
+-----------------------+-----------------------------+


+-------------------------------+
; Elapsed Time Per Partition    ;
+----------------+--------------+
; Partition Name ; Elapsed Time ;
+----------------+--------------+
; Top            ; 00:00:02     ;
+----------------+--------------+


+-------------------------------+
; Analysis & Synthesis Messages ;
+-------------------------------+
Info: *******************************************************************
Info: Running Quartus Prime Analysis & Synthesis
    Info: Version 18.1.0 Build 625 09/12/2018 SJ Lite Edition
    Info: Processing started: Thu Aug 29 20:45:09 2019
Info: Command: quartus_map --read_settings_files=on --write_settings_files=off P2 -c P2
Warning (18236): Number of processors has not been specified which may cause overloading on shared machines.  Set the global assignment NUM_PARALLEL_PROCESSORS in your QSF to an appropriate value for best performance.
Info (20030): Parallel compilation is enabled and will use 2 of the 2 processors detected
Info (12021): Found 2 design units, including 1 entities, in source file deco7seg.vhd
    Info (12022): Found design unit 1: deco7seg-prueba File: C:/Users/akuma/Documents/GitHub/VLSI/p2/deco7seg.vhd Line: 10
    Info (12023): Found entity 1: deco7Seg File: C:/Users/akuma/Documents/GitHub/VLSI/p2/deco7seg.vhd Line: 3
Info (12021): Found 2 design units, including 1 entities, in source file divfreq.vhd
    Info (12022): Found design unit 1: divFreq-prueba File: C:/Users/akuma/Documents/GitHub/VLSI/p2/divFreq.vhd Line: 12
    Info (12023): Found entity 1: divFreq File: C:/Users/akuma/Documents/GitHub/VLSI/p2/divFreq.vhd Line: 3
Info (12021): Found 2 design units, including 1 entities, in source file muxreloj.vhd
    Info (12022): Found design unit 1: MUXreloj-prueba File: C:/Users/akuma/Documents/GitHub/VLSI/p2/MUXreloj.vhd Line: 13
    Info (12023): Found entity 1: MUXreloj File: C:/Users/akuma/Documents/GitHub/VLSI/p2/MUXreloj.vhd Line: 3
Info (12021): Found 2 design units, including 1 entities, in source file reloj.vhd
    Info (12022): Found design unit 1: reloj-prueba File: C:/Users/akuma/Documents/GitHub/VLSI/p2/reloj.vhd Line: 20
    Info (12023): Found entity 1: reloj File: C:/Users/akuma/Documents/GitHub/VLSI/p2/reloj.vhd Line: 3
Info (12021): Found 2 design units, including 1 entities, in source file total.vhd
    Info (12022): Found design unit 1: total-prueba File: C:/Users/akuma/Documents/GitHub/VLSI/p2/total.vhd Line: 19
    Info (12023): Found entity 1: total File: C:/Users/akuma/Documents/GitHub/VLSI/p2/total.vhd Line: 3
Info (12127): Elaborating entity "total" for the top level hierarchy
Warning (10036): Verilog HDL or VHDL warning at total.vhd(64): object "clkp" assigned a value but never read File: C:/Users/akuma/Documents/GitHub/VLSI/p2/total.vhd Line: 64
Info (12128): Elaborating entity "divFreq" for hierarchy "divFreq:div" File: C:/Users/akuma/Documents/GitHub/VLSI/p2/total.vhd Line: 67
Warning (10540): VHDL Signal Declaration warning at divFreq.vhd(16): used explicit default value for signal "state3" because signal was never assigned a value File: C:/Users/akuma/Documents/GitHub/VLSI/p2/divFreq.vhd Line: 16
Info (12128): Elaborating entity "MUXreloj" for hierarchy "MUXreloj:mux" File: C:/Users/akuma/Documents/GitHub/VLSI/p2/total.vhd Line: 68
Info (12128): Elaborating entity "reloj" for hierarchy "reloj:watch" File: C:/Users/akuma/Documents/GitHub/VLSI/p2/total.vhd Line: 69
Warning (10492): VHDL Process Statement warning at reloj.vhd(52): signal "estado_normal" is read inside the Process Statement but isn't in the Process Statement's sensitivity list File: C:/Users/akuma/Documents/GitHub/VLSI/p2/reloj.vhd Line: 52
Warning (10492): VHDL Process Statement warning at reloj.vhd(107): signal "estado_normal" is read inside the Process Statement but isn't in the Process Statement's sensitivity list File: C:/Users/akuma/Documents/GitHub/VLSI/p2/reloj.vhd Line: 107
Info (12128): Elaborating entity "deco7Seg" for hierarchy "deco7Seg:HSu" File: C:/Users/akuma/Documents/GitHub/VLSI/p2/total.vhd Line: 72
Warning (13024): Output pins are stuck at VCC or GND
    Warning (13410): Pin "HEX0[7]" is stuck at VCC File: C:/Users/akuma/Documents/GitHub/VLSI/p2/total.vhd Line: 10
    Warning (13410): Pin "HEX1[7]" is stuck at VCC File: C:/Users/akuma/Documents/GitHub/VLSI/p2/total.vhd Line: 11
    Warning (13410): Pin "HEX2[7]" is stuck at VCC File: C:/Users/akuma/Documents/GitHub/VLSI/p2/total.vhd Line: 12
    Warning (13410): Pin "HEX3[7]" is stuck at VCC File: C:/Users/akuma/Documents/GitHub/VLSI/p2/total.vhd Line: 13
    Warning (13410): Pin "HEX4[7]" is stuck at VCC File: C:/Users/akuma/Documents/GitHub/VLSI/p2/total.vhd Line: 14
    Warning (13410): Pin "HEX5[7]" is stuck at VCC File: C:/Users/akuma/Documents/GitHub/VLSI/p2/total.vhd Line: 15
Info (286030): Timing-Driven Synthesis is running
Info (16010): Generating hard_block partition "hard_block:auto_generated_inst"
    Info (16011): Adding 0 node(s), including 0 DDIO, 0 PLL, 0 transceiver and 0 LCELL
Info (21057): Implemented 325 device resources after synthesis - the final resource count might be different
    Info (21058): Implemented 4 input pins
    Info (21059): Implemented 49 output pins
    Info (21061): Implemented 272 logic cells
Info: Quartus Prime Analysis & Synthesis was successful. 0 errors, 12 warnings
    Info: Peak virtual memory: 4810 megabytes
    Info: Processing ended: Thu Aug 29 20:45:35 2019
    Info: Elapsed time: 00:00:26
    Info: Total CPU time (on all processors): 00:00:55


